{"C:\\Users\\HP\\Desktop\\Pakam\\config\\database.js": {"path":"C:\\Users\\HP\\Desktop\\Pakam\\config\\database.js","statementMap":{"0":{"start":{"line":1,"column":22},"end":{"line":1,"column":42}},"1":{"start":{"line":2,"column":15},"end":{"line":2,"column":32}},"2":{"start":{"line":4,"column":0},"end":{"line":4,"column":16}},"3":{"start":{"line":7,"column":18},"end":{"line":13,"column":6}},"4":{"start":{"line":15,"column":4},"end":{"line":15,"column":31}}},"fnMap":{},"branchMap":{},"s":{"0":2,"1":2,"2":2,"3":2,"4":2},"f":{},"b":{},"_coverageSchema":"1a1c01bbd47fc00a2c39e90264f33305004495a9","hash":"62a406174de76b63eae5d005693dc731b0a2d061"}
,"C:\\Users\\HP\\Desktop\\Pakam\\middleware\\limiter.js": {"path":"C:\\Users\\HP\\Desktop\\Pakam\\middleware\\limiter.js","statementMap":{"0":{"start":{"line":1,"column":18},"end":{"line":1,"column":47}},"1":{"start":{"line":3,"column":16},"end":{"line":10,"column":2}},"2":{"start":{"line":12,"column":0},"end":{"line":12,"column":25}}},"fnMap":{},"branchMap":{},"s":{"0":1,"1":1,"2":1},"f":{},"b":{},"_coverageSchema":"1a1c01bbd47fc00a2c39e90264f33305004495a9","hash":"1b31a1562fa9e36a049f2097ee71b62d950aa61c"}
,"C:\\Users\\HP\\Desktop\\Pakam\\models\\Event.js": {"path":"C:\\Users\\HP\\Desktop\\Pakam\\models\\Event.js","statementMap":{"0":{"start":{"line":1,"column":21},"end":{"line":1,"column":41}},"1":{"start":{"line":2,"column":18},"end":{"line":2,"column":47}},"2":{"start":{"line":6,"column":14},"end":{"line":21,"column":2}},"3":{"start":{"line":24,"column":0},"end":{"line":24,"column":23}}},"fnMap":{},"branchMap":{},"s":{"0":1,"1":1,"2":1,"3":1},"f":{},"b":{},"_coverageSchema":"1a1c01bbd47fc00a2c39e90264f33305004495a9","hash":"273fa1ce50afe16e97992657131dbe1225a0b7e6"}
,"C:\\Users\\HP\\Desktop\\Pakam\\models\\Waitinglist.js": {"path":"C:\\Users\\HP\\Desktop\\Pakam\\models\\Waitinglist.js","statementMap":{"0":{"start":{"line":1,"column":22},"end":{"line":1,"column":42}},"1":{"start":{"line":2,"column":18},"end":{"line":2,"column":47}},"2":{"start":{"line":3,"column":14},"end":{"line":3,"column":32}},"3":{"start":{"line":7,"column":20},"end":{"line":22,"column":2}},"4":{"start":{"line":25,"column":0},"end":{"line":25,"column":29}}},"fnMap":{},"branchMap":{},"s":{"0":1,"1":1,"2":1,"3":1,"4":1},"f":{},"b":{},"_coverageSchema":"1a1c01bbd47fc00a2c39e90264f33305004495a9","hash":"696daad2927d22add21d7aa800bb5e95c0ebaabd"}
,"C:\\Users\\HP\\Desktop\\Pakam\\routes\\event.js": {"path":"C:\\Users\\HP\\Desktop\\Pakam\\routes\\event.js","statementMap":{"0":{"start":{"line":1,"column":16},"end":{"line":1,"column":34}},"1":{"start":{"line":2,"column":14},"end":{"line":2,"column":40}},"2":{"start":{"line":3,"column":20},"end":{"line":3,"column":52}},"3":{"start":{"line":4,"column":16},"end":{"line":4,"column":48}},"4":{"start":{"line":5,"column":18},"end":{"line":5,"column":47}},"5":{"start":{"line":7,"column":15},"end":{"line":7,"column":31}},"6":{"start":{"line":11,"column":0},"end":{"line":23,"column":3}},"7":{"start":{"line":12,"column":33},"end":{"line":12,"column":41}},"8":{"start":{"line":13,"column":2},"end":{"line":22,"column":3}},"9":{"start":{"line":14,"column":18},"end":{"line":18,"column":6}},"10":{"start":{"line":19,"column":4},"end":{"line":19,"column":32}},"11":{"start":{"line":21,"column":4},"end":{"line":21,"column":76}},"12":{"start":{"line":27,"column":0},"end":{"line":54,"column":3}},"13":{"start":{"line":28,"column":32},"end":{"line":28,"column":40}},"14":{"start":{"line":31,"column":4},"end":{"line":33,"column":5}},"15":{"start":{"line":32,"column":8},"end":{"line":32,"column":86}},"16":{"start":{"line":35,"column":4},"end":{"line":53,"column":5}},"17":{"start":{"line":36,"column":8},"end":{"line":49,"column":11}},"18":{"start":{"line":37,"column":26},"end":{"line":37,"column":75}},"19":{"start":{"line":38,"column":12},"end":{"line":40,"column":13}},"20":{"start":{"line":39,"column":16},"end":{"line":39,"column":76}},"21":{"start":{"line":42,"column":12},"end":{"line":48,"column":13}},"22":{"start":{"line":43,"column":16},"end":{"line":43,"column":85}},"23":{"start":{"line":44,"column":16},"end":{"line":44,"column":87}},"24":{"start":{"line":46,"column":16},"end":{"line":46,"column":82}},"25":{"start":{"line":47,"column":16},"end":{"line":47,"column":82}},"26":{"start":{"line":51,"column":8},"end":{"line":51,"column":54}},"27":{"start":{"line":52,"column":8},"end":{"line":52,"column":96}},"28":{"start":{"line":58,"column":0},"end":{"line":78,"column":3}},"29":{"start":{"line":59,"column":23},"end":{"line":59,"column":31}},"30":{"start":{"line":60,"column":4},"end":{"line":77,"column":5}},"31":{"start":{"line":61,"column":8},"end":{"line":74,"column":11}},"32":{"start":{"line":62,"column":26},"end":{"line":62,"column":75}},"33":{"start":{"line":63,"column":12},"end":{"line":65,"column":13}},"34":{"start":{"line":64,"column":16},"end":{"line":64,"column":74}},"35":{"start":{"line":66,"column":32},"end":{"line":66,"column":97}},"36":{"start":{"line":67,"column":12},"end":{"line":73,"column":13}},"37":{"start":{"line":68,"column":16},"end":{"line":68,"column":62}},"38":{"start":{"line":69,"column":16},"end":{"line":69,"column":88}},"39":{"start":{"line":71,"column":16},"end":{"line":71,"column":85}},"40":{"start":{"line":72,"column":16},"end":{"line":72,"column":92}},"41":{"start":{"line":76,"column":8},"end":{"line":76,"column":36}},"42":{"start":{"line":82,"column":0},"end":{"line":96,"column":3}},"43":{"start":{"line":83,"column":4},"end":{"line":95,"column":5}},"44":{"start":{"line":84,"column":22},"end":{"line":84,"column":62}},"45":{"start":{"line":85,"column":8},"end":{"line":87,"column":9}},"46":{"start":{"line":86,"column":12},"end":{"line":86,"column":70}},"47":{"start":{"line":88,"column":29},"end":{"line":88,"column":86}},"48":{"start":{"line":89,"column":8},"end":{"line":92,"column":11}},"49":{"start":{"line":94,"column":8},"end":{"line":94,"column":36}},"50":{"start":{"line":99,"column":0},"end":{"line":99,"column":24}}},"fnMap":{"0":{"name":"(anonymous_0)","decl":{"start":{"line":11,"column":36},"end":{"line":11,"column":37}},"loc":{"start":{"line":11,"column":55},"end":{"line":23,"column":1}},"line":11},"1":{"name":"(anonymous_1)","decl":{"start":{"line":27,"column":30},"end":{"line":27,"column":31}},"loc":{"start":{"line":27,"column":50},"end":{"line":54,"column":1}},"line":27},"2":{"name":"(anonymous_2)","decl":{"start":{"line":36,"column":36},"end":{"line":36,"column":37}},"loc":{"start":{"line":36,"column":49},"end":{"line":49,"column":9}},"line":36},"3":{"name":"(anonymous_3)","decl":{"start":{"line":58,"column":23},"end":{"line":58,"column":24}},"loc":{"start":{"line":58,"column":42},"end":{"line":78,"column":1}},"line":58},"4":{"name":"(anonymous_4)","decl":{"start":{"line":61,"column":36},"end":{"line":61,"column":37}},"loc":{"start":{"line":61,"column":49},"end":{"line":74,"column":9}},"line":61},"5":{"name":"(anonymous_5)","decl":{"start":{"line":82,"column":40},"end":{"line":82,"column":41}},"loc":{"start":{"line":82,"column":59},"end":{"line":96,"column":1}},"line":82}},"branchMap":{"0":{"loc":{"start":{"line":21,"column":36},"end":{"line":21,"column":72}},"type":"binary-expr","locations":[{"start":{"line":21,"column":36},"end":{"line":21,"column":49}},{"start":{"line":21,"column":53},"end":{"line":21,"column":72}}],"line":21},"1":{"loc":{"start":{"line":31,"column":4},"end":{"line":33,"column":5}},"type":"if","locations":[{"start":{"line":31,"column":4},"end":{"line":33,"column":5}},{"start":{},"end":{}}],"line":31},"2":{"loc":{"start":{"line":31,"column":8},"end":{"line":31,"column":27}},"type":"binary-expr","locations":[{"start":{"line":31,"column":8},"end":{"line":31,"column":16}},{"start":{"line":31,"column":20},"end":{"line":31,"column":27}}],"line":31},"3":{"loc":{"start":{"line":38,"column":12},"end":{"line":40,"column":13}},"type":"if","locations":[{"start":{"line":38,"column":12},"end":{"line":40,"column":13}},{"start":{},"end":{}}],"line":38},"4":{"loc":{"start":{"line":42,"column":12},"end":{"line":48,"column":13}},"type":"if","locations":[{"start":{"line":42,"column":12},"end":{"line":48,"column":13}},{"start":{"line":45,"column":19},"end":{"line":48,"column":13}}],"line":42},"5":{"loc":{"start":{"line":63,"column":12},"end":{"line":65,"column":13}},"type":"if","locations":[{"start":{"line":63,"column":12},"end":{"line":65,"column":13}},{"start":{},"end":{}}],"line":63},"6":{"loc":{"start":{"line":67,"column":12},"end":{"line":73,"column":13}},"type":"if","locations":[{"start":{"line":67,"column":12},"end":{"line":73,"column":13}},{"start":{"line":70,"column":19},"end":{"line":73,"column":13}}],"line":67},"7":{"loc":{"start":{"line":85,"column":8},"end":{"line":87,"column":9}},"type":"if","locations":[{"start":{"line":85,"column":8},"end":{"line":87,"column":9}},{"start":{},"end":{}}],"line":85}},"s":{"0":1,"1":1,"2":1,"3":1,"4":1,"5":1,"6":1,"7":2,"8":2,"9":2,"10":1,"11":1,"12":1,"13":3,"14":3,"15":1,"16":2,"17":2,"18":0,"19":0,"20":0,"21":0,"22":0,"23":0,"24":0,"25":0,"26":2,"27":2,"28":1,"29":0,"30":0,"31":0,"32":0,"33":0,"34":0,"35":0,"36":0,"37":0,"38":0,"39":0,"40":0,"41":0,"42":1,"43":0,"44":0,"45":0,"46":0,"47":0,"48":0,"49":0,"50":1},"f":{"0":2,"1":3,"2":0,"3":0,"4":0,"5":0},"b":{"0":[1,0],"1":[1,2],"2":[3,2],"3":[0,0],"4":[0,0],"5":[0,0],"6":[0,0],"7":[0,0]},"_coverageSchema":"1a1c01bbd47fc00a2c39e90264f33305004495a9","hash":"8ca30852d9e868d1991df5598d6e723a743650c6"}
}
